Using pre-set license
Built from '2020.3/staging' branch; Version is '2020.3.9f1 (108be757e447) revision 1084391'; Using compiler version '192528614'; Build Type 'Release'
OS: 'Windows 10 Pro; OS build 19041.1083; Version 2004; 64bit' Language: 'ja' Physical Memory: 16145 MB
BatchMode: 1, IsHumanControllingUs: 0, StartBugReporterOnCrash: 0, Is64bit: 1, IsPro: 0

 COMMAND LINE ARGUMENTS:
C:\Program Files\Unity\Hub\Editor\2020.3.9f1\Editor\Unity.exe
-adb2
-batchMode
-noUpm
-name
AssetImportWorker0
-projectPath
C:/Users/damda/Documents/GitHub/testrepo/ClickSniper
-logFile
Logs/AssetImportWorker0.log
-srvPort
49672
Successfully changed project path to: C:/Users/damda/Documents/GitHub/testrepo/ClickSniper
C:/Users/damda/Documents/GitHub/testrepo/ClickSniper
Using Asset Import Pipeline V2.
Refreshing native plugins compatible for Editor in 19.04 ms, found 0 plugins.
Preloading 0 native plugins for Editor in 0.00 ms.
Initialize engine version: 2020.3.9f1 (108be757e447)
[Subsystems] Discovering subsystems at path C:/Program Files/Unity/Hub/Editor/2020.3.9f1/Editor/Data/Resources/UnitySubsystems
[Subsystems] Discovering subsystems at path C:/Users/damda/Documents/GitHub/testrepo/ClickSniper/Assets
GfxDevice: creating device client; threaded=0
Direct3D:
    Version:  Direct3D 11.0 [level 11.1]
    Renderer: NVIDIA GeForce GTX 1650 Ti (ID=0x1f95)
    Vendor:   
    VRAM:     3962 MB
    Driver:   30.0.14.7111
Initialize mono
Mono path[0] = 'C:/Program Files/Unity/Hub/Editor/2020.3.9f1/Editor/Data/Managed'
Mono path[1] = 'C:/Program Files/Unity/Hub/Editor/2020.3.9f1/Editor/Data/MonoBleedingEdge/lib/mono/unityjit'
Mono config path = 'C:/Program Files/Unity/Hub/Editor/2020.3.9f1/Editor/Data/MonoBleedingEdge/etc'
Using monoOptions --debugger-agent=transport=dt_socket,embedding=1,server=y,suspend=n,address=127.0.0.1:56144
Begin MonoManager ReloadAssembly
Registering precompiled unity dll's ...
Register platform support module: C:/Program Files/Unity/Hub/Editor/2020.3.9f1/Editor/Data/PlaybackEngines/WindowsStandaloneSupport/UnityEditor.WindowsStandalone.Extensions.dll
Registered in 0.001723 seconds.
Native extension for WindowsStandalone target not found
Refreshing native plugins compatible for Editor in 18.91 ms, found 0 plugins.
Preloading 0 native plugins for Editor in 0.00 ms.
Mono: successfully reloaded assembly
- Completed reload, in  1.477 seconds
Platform modules already initialized, skipping
Registering precompiled user dll's ...
Registered in 0.000647 seconds.
Begin MonoManager ReloadAssembly
Native extension for WindowsStandalone target not found
Refreshing native plugins compatible for Editor in 0.18 ms, found 0 plugins.
Preloading 0 native plugins for Editor in 0.00 ms.
Mono: successfully reloaded assembly
- Completed reload, in  0.654 seconds
Platform modules already initialized, skipping
========================================================================
Worker process is ready to serve import requests
Launched and connected shader compiler UnityShaderCompiler.exe after 0.04 seconds
Refreshing native plugins compatible for Editor in 0.19 ms, found 0 plugins.
Preloading 0 native plugins for Editor in 0.00 ms.
Unloading 1115 Unused Serialized files (Serialized files now loaded: 0)
System memory in use before: 57.1 MB.
System memory in use after: 57.2 MB.

Unloading 10 unused Assets to reduce memory usage. Loaded Objects now: 1557.
Total: 1.392800 ms (FindLiveObjects: 0.110900 ms CreateObjectMapping: 0.029700 ms MarkObjects: 1.196100 ms  DeleteObjects: 0.055300 ms)

========================================================================
Received Import Request.
  path: Assets/Scenes
  artifactKey: Guid(7eb6beb7d75f0804ab586359c21544b5) Importer(815301076,1909f56bfc062723c751e8b465ee728b)
Start importing Assets/Scenes using Guid(7eb6beb7d75f0804ab586359c21544b5) Importer(815301076,1909f56bfc062723c751e8b465ee728b)  -> (artifact id: '7bb5360df74378c993d1c69004e8f432') in 0.003621 seconds
  Import took 0.005606 seconds .

========================================================================
Received Import Request.
  Time since last request: 9.704769 seconds.
  path: Assets/ClickSniper
  artifactKey: Guid(7eb6beb7d75f0804ab586359c21544b5) Importer(815301076,1909f56bfc062723c751e8b465ee728b)
Start importing Assets/ClickSniper using Guid(7eb6beb7d75f0804ab586359c21544b5) Importer(815301076,1909f56bfc062723c751e8b465ee728b)  -> (artifact id: '291abaf486cf1f8df1536ec337a979ac') in 0.002645 seconds
  Import took 0.004879 seconds .

========================================================================
Received Import Request.
  Time since last request: 24.243328 seconds.
  path: Assets/Scenes/SampleScene.unity
  artifactKey: Guid(9fc0d4010bbf28b4594072e72b8655ab) Importer(815301076,1909f56bfc062723c751e8b465ee728b)
Start importing Assets/Scenes/SampleScene.unity using Guid(9fc0d4010bbf28b4594072e72b8655ab) Importer(815301076,1909f56bfc062723c751e8b465ee728b)  -> (artifact id: '85059f4f9e1a832ed95adaa0d25c5c4c') in 0.010225 seconds
  Import took 0.013177 seconds .

========================================================================
Received Import Request.
  Time since last request: 8.180137 seconds.
  path: Assets/Scenes/ClickSniper.unity
  artifactKey: Guid(9fc0d4010bbf28b4594072e72b8655ab) Importer(815301076,1909f56bfc062723c751e8b465ee728b)
Start importing Assets/Scenes/ClickSniper.unity using Guid(9fc0d4010bbf28b4594072e72b8655ab) Importer(815301076,1909f56bfc062723c751e8b465ee728b)  -> (artifact id: '7abf21fcc51c79f894054ff97c7accc4') in 0.002567 seconds
  Import took 0.004451 seconds .

========================================================================
Received Import Request.
  Time since last request: 289.748642 seconds.
  path: Assets/Scenes/ClickSniper
  artifactKey: Guid(663095f41ef71e64fa8b63f500ae2774) Importer(815301076,1909f56bfc062723c751e8b465ee728b)
Start importing Assets/Scenes/ClickSniper using Guid(663095f41ef71e64fa8b63f500ae2774) Importer(815301076,1909f56bfc062723c751e8b465ee728b)  -> (artifact id: 'adfff0f3e84554f117fc77244c99c328') in 0.002285 seconds
  Import took 0.004110 seconds .

========================================================================
Received Import Request.
  Time since last request: 0.071157 seconds.
  path: Assets/Scenes/ClickSniper/LightingData.asset
  artifactKey: Guid(07fef0360a89db348b5c0640038319c7) Importer(815301076,1909f56bfc062723c751e8b465ee728b)
Start importing Assets/Scenes/ClickSniper/LightingData.asset using Guid(07fef0360a89db348b5c0640038319c7) Importer(815301076,1909f56bfc062723c751e8b465ee728b)  -> (artifact id: '730f6ca6d144e2e24fbb9024b0c0566f') in 0.014765 seconds
  Import took 0.017483 seconds .

========================================================================
Received Import Request.
  Time since last request: 0.000214 seconds.
  path: Assets/Scenes/ClickSniper/ReflectionProbe-0.exr
  artifactKey: Guid(b978349b7e132644190e02f414848d8e) Importer(815301076,1909f56bfc062723c751e8b465ee728b)
Start importing Assets/Scenes/ClickSniper/ReflectionProbe-0.exr using Guid(b978349b7e132644190e02f414848d8e) Importer(815301076,1909f56bfc062723c751e8b465ee728b)  -> (artifact id: '5aa494c2016491b20e35c866d791ae9d') in 0.068772 seconds
  Import took 0.070388 seconds .

========================================================================
Received Import Request.
  Time since last request: 126.999077 seconds.
  path: Assets/Material
  artifactKey: Guid(061804caa1d4fbf4580c068b66d72d90) Importer(815301076,1909f56bfc062723c751e8b465ee728b)
Start importing Assets/Material using Guid(061804caa1d4fbf4580c068b66d72d90) Importer(815301076,1909f56bfc062723c751e8b465ee728b)  -> (artifact id: '6e7df3307971a209228e1c44e949dd98') in 0.003895 seconds
  Import took 0.005852 seconds .

========================================================================
Received Import Request.
  Time since last request: 23.864658 seconds.
  path: Assets/Material/Gray.mat
  artifactKey: Guid(1b070c3fb13d2c240a1759b31d0b72b0) Importer(815301076,1909f56bfc062723c751e8b465ee728b)
Start importing Assets/Material/Gray.mat using Guid(1b070c3fb13d2c240a1759b31d0b72b0) Importer(815301076,1909f56bfc062723c751e8b465ee728b)  -> (artifact id: 'b06f14777c48dfefc4dd652ba89145a9') in 0.026836 seconds
  Import took 0.029048 seconds .

========================================================================
Received Import Request.
  Time since last request: 127.442918 seconds.
  path: Assets/Material/Gray.mat
  artifactKey: Guid(1b070c3fb13d2c240a1759b31d0b72b0) Importer(815301076,1909f56bfc062723c751e8b465ee728b)
Start importing Assets/Material/Gray.mat using Guid(1b070c3fb13d2c240a1759b31d0b72b0) Importer(815301076,1909f56bfc062723c751e8b465ee728b)  -> (artifact id: '045f78e87037250b26a57aa758f437ea') in 0.009612 seconds
  Import took 0.011496 seconds .

========================================================================
Received Prepare
Registering precompiled user dll's ...
Registered in 0.000643 seconds.
Begin MonoManager ReloadAssembly
Native extension for WindowsStandalone target not found
Refreshing native plugins compatible for Editor in 0.18 ms, found 0 plugins.
Preloading 0 native plugins for Editor in 0.00 ms.
Mono: successfully reloaded assembly
- Completed reload, in  0.624 seconds
Platform modules already initialized, skipping
Refreshing native plugins compatible for Editor in 0.17 ms, found 0 plugins.
Preloading 0 native plugins for Editor in 0.00 ms.
Unloading 1110 Unused Serialized files (Serialized files now loaded: 0)
System memory in use before: 60.5 MB.
System memory in use after: 60.5 MB.

Unloading 5 unused Assets to reduce memory usage. Loaded Objects now: 1602.
Total: 1.258600 ms (FindLiveObjects: 0.106000 ms CreateObjectMapping: 0.028100 ms MarkObjects: 1.088500 ms  DeleteObjects: 0.035300 ms)

========================================================================
Received Import Request.
  Time since last request: 48.990781 seconds.
  path: Assets/Material/BallColor.mat
  artifactKey: Guid(ec80314570d92b8449ca84aa834071ac) Importer(815301076,1909f56bfc062723c751e8b465ee728b)
Start importing Assets/Material/BallColor.mat using Guid(ec80314570d92b8449ca84aa834071ac) Importer(815301076,1909f56bfc062723c751e8b465ee728b)  -> (artifact id: 'a174d62233aa1b23b13d6707429ffbad') in 0.043576 seconds
  Import took 0.046286 seconds .

========================================================================
Received Import Request.
  Time since last request: 70.474918 seconds.
  path: Assets/Scenes/ClickSniper/ClickSniper.unity
  artifactKey: Guid(9fc0d4010bbf28b4594072e72b8655ab) Importer(815301076,1909f56bfc062723c751e8b465ee728b)
Start importing Assets/Scenes/ClickSniper/ClickSniper.unity using Guid(9fc0d4010bbf28b4594072e72b8655ab) Importer(815301076,1909f56bfc062723c751e8b465ee728b)  -> (artifact id: 'fa06eb100b3964fd85300c145aea29e7') in 0.002520 seconds
  Import took 0.005762 seconds .

========================================================================
Received Import Request.
  Time since last request: 33.385585 seconds.
  path: Assets/Prefabs
  artifactKey: Guid(1157fb02c1e6c8f4b97242d801fa584f) Importer(815301076,1909f56bfc062723c751e8b465ee728b)
Start importing Assets/Prefabs using Guid(1157fb02c1e6c8f4b97242d801fa584f) Importer(815301076,1909f56bfc062723c751e8b465ee728b)  -> (artifact id: 'b8033fc0b5dd7306e099d758b8095f51') in 0.004101 seconds
  Import took 0.006278 seconds .

========================================================================
Received Import Request.
  Time since last request: 8.371156 seconds.
  path: Assets/Prefabs/Ball.prefab
  artifactKey: Guid(fea2379ea3ab05d47b566d1aa95bc73d) Importer(815301076,1909f56bfc062723c751e8b465ee728b)
Start importing Assets/Prefabs/Ball.prefab using Guid(fea2379ea3ab05d47b566d1aa95bc73d) Importer(815301076,1909f56bfc062723c751e8b465ee728b)  -> (artifact id: '081c8d7ce2b973ee506d8dfc588ce05c') in 0.021950 seconds
  Import took 0.023618 seconds .

========================================================================
Received Import Request.
  Time since last request: 0.006548 seconds.
  path: Assets/Prefabs/Ball.prefab
  artifactKey: Guid(fea2379ea3ab05d47b566d1aa95bc73d) Importer(815301076,1909f56bfc062723c751e8b465ee728b)
Start importing Assets/Prefabs/Ball.prefab using Guid(fea2379ea3ab05d47b566d1aa95bc73d) Importer(815301076,1909f56bfc062723c751e8b465ee728b)  -> (artifact id: '081c8d7ce2b973ee506d8dfc588ce05c') in 0.005888 seconds
  Import took 0.008095 seconds .

========================================================================
Received Import Request.
  Time since last request: 109.880979 seconds.
  path: Assets/Scripts
  artifactKey: Guid(cbf9f48b6e2866a41ab6ab13966f615b) Importer(815301076,1909f56bfc062723c751e8b465ee728b)
Start importing Assets/Scripts using Guid(cbf9f48b6e2866a41ab6ab13966f615b) Importer(815301076,1909f56bfc062723c751e8b465ee728b)  -> (artifact id: 'c767dd96b30227de3dd038c6c0afc83d') in 0.003727 seconds
  Import took 0.006117 seconds .

========================================================================
Received Import Request.
  Time since last request: 10.846340 seconds.
  path: Assets/Scripts/NewBehaviourScript.cs
  artifactKey: Guid(00ac4b087f1636c4bafbf4a878d92057) Importer(815301076,1909f56bfc062723c751e8b465ee728b)
Start importing Assets/Scripts/NewBehaviourScript.cs using Guid(00ac4b087f1636c4bafbf4a878d92057) Importer(815301076,1909f56bfc062723c751e8b465ee728b)  -> (artifact id: '0ee11adda23c85751b76bd468841cf27') in 0.006206 seconds
  Import took 0.008154 seconds .

========================================================================
Received Prepare
Registering precompiled user dll's ...
Registered in 0.000530 seconds.
Begin MonoManager ReloadAssembly
Native extension for WindowsStandalone target not found
Refreshing native plugins compatible for Editor in 0.19 ms, found 0 plugins.
Preloading 0 native plugins for Editor in 0.00 ms.
Mono: successfully reloaded assembly
- Completed reload, in  0.650 seconds
Platform modules already initialized, skipping
Refreshing native plugins compatible for Editor in 0.18 ms, found 0 plugins.
Preloading 0 native plugins for Editor in 0.00 ms.
Unloading 1111 Unused Serialized files (Serialized files now loaded: 0)
System memory in use before: 60.6 MB.
System memory in use after: 60.7 MB.

Unloading 5 unused Assets to reduce memory usage. Loaded Objects now: 1608.
Total: 1.373500 ms (FindLiveObjects: 0.124000 ms CreateObjectMapping: 0.072100 ms MarkObjects: 1.103600 ms  DeleteObjects: 0.073000 ms)

========================================================================
Received Prepare
Registering precompiled user dll's ...
Registered in 0.000535 seconds.
Begin MonoManager ReloadAssembly
Native extension for WindowsStandalone target not found
Refreshing native plugins compatible for Editor in 0.18 ms, found 0 plugins.
Preloading 0 native plugins for Editor in 0.00 ms.
Mono: successfully reloaded assembly
- Completed reload, in  0.630 seconds
Platform modules already initialized, skipping
Refreshing native plugins compatible for Editor in 0.17 ms, found 0 plugins.
Preloading 0 native plugins for Editor in 0.00 ms.
Unloading 1110 Unused Serialized files (Serialized files now loaded: 0)
System memory in use before: 60.6 MB.
System memory in use after: 60.7 MB.

Unloading 6 unused Assets to reduce memory usage. Loaded Objects now: 1610.
Total: 1.360800 ms (FindLiveObjects: 0.121200 ms CreateObjectMapping: 0.027400 ms MarkObjects: 1.139800 ms  DeleteObjects: 0.071900 ms)

========================================================================
Received Prepare
Registering precompiled user dll's ...
Registered in 0.000537 seconds.
Begin MonoManager ReloadAssembly
Native extension for WindowsStandalone target not found
Refreshing native plugins compatible for Editor in 0.18 ms, found 0 plugins.
Preloading 0 native plugins for Editor in 0.00 ms.
Mono: successfully reloaded assembly
- Completed reload, in  0.644 seconds
Platform modules already initialized, skipping
Refreshing native plugins compatible for Editor in 0.18 ms, found 0 plugins.
Preloading 0 native plugins for Editor in 0.00 ms.
Unloading 1111 Unused Serialized files (Serialized files now loaded: 0)
System memory in use before: 60.6 MB.
System memory in use after: 60.7 MB.

Unloading 5 unused Assets to reduce memory usage. Loaded Objects now: 1614.
Total: 1.228200 ms (FindLiveObjects: 0.107500 ms CreateObjectMapping: 0.028800 ms MarkObjects: 1.055100 ms  DeleteObjects: 0.036200 ms)

========================================================================
Received Prepare
Registering precompiled user dll's ...
Registered in 0.000529 seconds.
Begin MonoManager ReloadAssembly
Native extension for WindowsStandalone target not found
Refreshing native plugins compatible for Editor in 0.19 ms, found 0 plugins.
Preloading 0 native plugins for Editor in 0.00 ms.
Mono: successfully reloaded assembly
- Completed reload, in  0.645 seconds
Platform modules already initialized, skipping
Refreshing native plugins compatible for Editor in 0.19 ms, found 0 plugins.
Preloading 0 native plugins for Editor in 0.00 ms.
Unloading 1111 Unused Serialized files (Serialized files now loaded: 0)
System memory in use before: 60.6 MB.
System memory in use after: 60.7 MB.

Unloading 5 unused Assets to reduce memory usage. Loaded Objects now: 1617.
Total: 1.221300 ms (FindLiveObjects: 0.102900 ms CreateObjectMapping: 0.027000 ms MarkObjects: 1.056100 ms  DeleteObjects: 0.034600 ms)

========================================================================
Received Import Request.
  Time since last request: 62.446076 seconds.
  path: Assets/Scripts/BallShot.cs
  artifactKey: Guid(f9b1ab9c41c386e40ac44682906166b7) Importer(815301076,1909f56bfc062723c751e8b465ee728b)
Start importing Assets/Scripts/BallShot.cs using Guid(f9b1ab9c41c386e40ac44682906166b7) Importer(815301076,1909f56bfc062723c751e8b465ee728b)  -> (artifact id: '374205fd604d598b5265ba326d0da965') in 0.003802 seconds
  Import took 0.007006 seconds .

========================================================================
Received Prepare
Registering precompiled user dll's ...
Registered in 0.000533 seconds.
Begin MonoManager ReloadAssembly
Native extension for WindowsStandalone target not found
Refreshing native plugins compatible for Editor in 0.18 ms, found 0 plugins.
Preloading 0 native plugins for Editor in 0.00 ms.
Mono: successfully reloaded assembly
- Completed reload, in  0.657 seconds
Platform modules already initialized, skipping
Refreshing native plugins compatible for Editor in 0.18 ms, found 0 plugins.
Preloading 0 native plugins for Editor in 0.00 ms.
Unloading 1111 Unused Serialized files (Serialized files now loaded: 0)
System memory in use before: 60.7 MB.
System memory in use after: 60.7 MB.

Unloading 5 unused Assets to reduce memory usage. Loaded Objects now: 1620.
Total: 1.259300 ms (FindLiveObjects: 0.111800 ms CreateObjectMapping: 0.031300 ms MarkObjects: 1.075600 ms  DeleteObjects: 0.040000 ms)

========================================================================
Received Import Request.
  Time since last request: 1041.917959 seconds.
  path: Assets/Scripts/BallShot.cs
  artifactKey: Guid(f9b1ab9c41c386e40ac44682906166b7) Importer(815301076,1909f56bfc062723c751e8b465ee728b)
Start importing Assets/Scripts/BallShot.cs using Guid(f9b1ab9c41c386e40ac44682906166b7) Importer(815301076,1909f56bfc062723c751e8b465ee728b)  -> (artifact id: 'ff68ffc06532953a7dc05e189a45c94c') in 0.003977 seconds
  Import took 0.006225 seconds .

========================================================================
Received Import Request.
  Time since last request: 0.393245 seconds.
  path: Assets/Scripts/BallShot.cs
  artifactKey: Guid(f9b1ab9c41c386e40ac44682906166b7) Importer(815301076,1909f56bfc062723c751e8b465ee728b)
Start importing Assets/Scripts/BallShot.cs using Guid(f9b1ab9c41c386e40ac44682906166b7) Importer(815301076,1909f56bfc062723c751e8b465ee728b)  -> (artifact id: 'ff68ffc06532953a7dc05e189a45c94c') in 0.002145 seconds
  Import took 0.003743 seconds .

========================================================================
Received Prepare
Registering precompiled user dll's ...
Registered in 0.000630 seconds.
Begin MonoManager ReloadAssembly
Native extension for WindowsStandalone target not found
Refreshing native plugins compatible for Editor in 0.18 ms, found 0 plugins.
Preloading 0 native plugins for Editor in 0.00 ms.
Mono: successfully reloaded assembly
- Completed reload, in  0.658 seconds
Platform modules already initialized, skipping
Refreshing native plugins compatible for Editor in 0.24 ms, found 0 plugins.
Preloading 0 native plugins for Editor in 0.00 ms.
Unloading 1111 Unused Serialized files (Serialized files now loaded: 0)
System memory in use before: 60.7 MB.
System memory in use after: 60.7 MB.

Unloading 5 unused Assets to reduce memory usage. Loaded Objects now: 1623.
Total: 1.460100 ms (FindLiveObjects: 0.111800 ms CreateObjectMapping: 0.029100 ms MarkObjects: 1.246900 ms  DeleteObjects: 0.071700 ms)

========================================================================
Received Prepare
Registering precompiled user dll's ...
Registered in 0.000485 seconds.
Begin MonoManager ReloadAssembly
Native extension for WindowsStandalone target not found
Refreshing native plugins compatible for Editor in 0.19 ms, found 0 plugins.
Preloading 0 native plugins for Editor in 0.00 ms.
Mono: successfully reloaded assembly
- Completed reload, in  0.650 seconds
Platform modules already initialized, skipping
Refreshing native plugins compatible for Editor in 0.18 ms, found 0 plugins.
Preloading 0 native plugins for Editor in 0.00 ms.
Unloading 1111 Unused Serialized files (Serialized files now loaded: 0)
System memory in use before: 60.7 MB.
System memory in use after: 60.7 MB.

Unloading 5 unused Assets to reduce memory usage. Loaded Objects now: 1626.
Total: 1.231400 ms (FindLiveObjects: 0.105200 ms CreateObjectMapping: 0.029200 ms MarkObjects: 1.060900 ms  DeleteObjects: 0.035400 ms)

========================================================================
Received Prepare
Registering precompiled user dll's ...
Registered in 0.000503 seconds.
Begin MonoManager ReloadAssembly
Native extension for WindowsStandalone target not found
Refreshing native plugins compatible for Editor in 0.22 ms, found 0 plugins.
Preloading 0 native plugins for Editor in 0.00 ms.
Mono: successfully reloaded assembly
- Completed reload, in  0.654 seconds
Platform modules already initialized, skipping
Refreshing native plugins compatible for Editor in 0.17 ms, found 0 plugins.
Preloading 0 native plugins for Editor in 0.00 ms.
Unloading 1112 Unused Serialized files (Serialized files now loaded: 0)
System memory in use before: 60.7 MB.
System memory in use after: 60.8 MB.

Unloading 5 unused Assets to reduce memory usage. Loaded Objects now: 1630.
Total: 1.250600 ms (FindLiveObjects: 0.108200 ms CreateObjectMapping: 0.030500 ms MarkObjects: 1.055700 ms  DeleteObjects: 0.055600 ms)

========================================================================
Received Import Request.
  Time since last request: 147.361984 seconds.
  path: Assets/NewBehaviourScript.cs
  artifactKey: Guid(ec2d716b73d244148a7022e1d4a28607) Importer(815301076,1909f56bfc062723c751e8b465ee728b)
Start importing Assets/NewBehaviourScript.cs using Guid(ec2d716b73d244148a7022e1d4a28607) Importer(815301076,1909f56bfc062723c751e8b465ee728b)  -> (artifact id: '8beaed87e4361c88ba29876658bc2664') in 0.003991 seconds
  Import took 0.005932 seconds .

========================================================================
Received Import Request.
  Time since last request: 7.488554 seconds.
  path: Assets/BallDelete.cs
  artifactKey: Guid(ec2d716b73d244148a7022e1d4a28607) Importer(815301076,1909f56bfc062723c751e8b465ee728b)
Start importing Assets/BallDelete.cs using Guid(ec2d716b73d244148a7022e1d4a28607) Importer(815301076,1909f56bfc062723c751e8b465ee728b)  -> (artifact id: 'e2ac2e84687e319cc70ecd19fe9388e3') in 0.002387 seconds
  Import took 0.004497 seconds .

========================================================================
Received Prepare
Registering precompiled user dll's ...
Registered in 0.000540 seconds.
Begin MonoManager ReloadAssembly
Native extension for WindowsStandalone target not found
Refreshing native plugins compatible for Editor in 0.19 ms, found 0 plugins.
Preloading 0 native plugins for Editor in 0.00 ms.
Mono: successfully reloaded assembly
- Completed reload, in  0.640 seconds
Platform modules already initialized, skipping
Refreshing native plugins compatible for Editor in 0.17 ms, found 0 plugins.
Preloading 0 native plugins for Editor in 0.00 ms.
Unloading 1112 Unused Serialized files (Serialized files now loaded: 0)
System memory in use before: 60.7 MB.
System memory in use after: 60.8 MB.

Unloading 5 unused Assets to reduce memory usage. Loaded Objects now: 1633.
Total: 1.225400 ms (FindLiveObjects: 0.105300 ms CreateObjectMapping: 0.029400 ms MarkObjects: 1.055000 ms  DeleteObjects: 0.035100 ms)

========================================================================
Received Prepare
Registering precompiled user dll's ...
Registered in 0.000574 seconds.
Begin MonoManager ReloadAssembly
Native extension for WindowsStandalone target not found
Refreshing native plugins compatible for Editor in 0.19 ms, found 0 plugins.
Preloading 0 native plugins for Editor in 0.00 ms.
Mono: successfully reloaded assembly
- Completed reload, in  0.649 seconds
Platform modules already initialized, skipping
Refreshing native plugins compatible for Editor in 0.18 ms, found 0 plugins.
Preloading 0 native plugins for Editor in 0.00 ms.
Unloading 1112 Unused Serialized files (Serialized files now loaded: 0)
System memory in use before: 60.7 MB.
System memory in use after: 60.8 MB.

Unloading 5 unused Assets to reduce memory usage. Loaded Objects now: 1636.
Total: 1.249300 ms (FindLiveObjects: 0.106500 ms CreateObjectMapping: 0.029000 ms MarkObjects: 1.042200 ms  DeleteObjects: 0.070900 ms)

========================================================================
Received Import Request.
  Time since last request: 72.620269 seconds.
  path: Assets/Scripts/BallShot.cs
  artifactKey: Guid(f9b1ab9c41c386e40ac44682906166b7) Importer(815301076,1909f56bfc062723c751e8b465ee728b)
Start importing Assets/Scripts/BallShot.cs using Guid(f9b1ab9c41c386e40ac44682906166b7) Importer(815301076,1909f56bfc062723c751e8b465ee728b)  -> (artifact id: '76e9014d8f77347b0ebc616206537461') in 0.003381 seconds
  Import took 0.005036 seconds .

========================================================================
Received Import Request.
  Time since last request: 0.021063 seconds.
  path: Assets/Scripts/BallShot.cs
  artifactKey: Guid(f9b1ab9c41c386e40ac44682906166b7) Importer(815301076,1909f56bfc062723c751e8b465ee728b)
Start importing Assets/Scripts/BallShot.cs using Guid(f9b1ab9c41c386e40ac44682906166b7) Importer(815301076,1909f56bfc062723c751e8b465ee728b)  -> (artifact id: '76e9014d8f77347b0ebc616206537461') in 0.002629 seconds
  Import took 0.004334 seconds .

========================================================================
Received Prepare
Registering precompiled user dll's ...
Registered in 0.000573 seconds.
Begin MonoManager ReloadAssembly
Native extension for WindowsStandalone target not found
Refreshing native plugins compatible for Editor in 0.19 ms, found 0 plugins.
Preloading 0 native plugins for Editor in 0.00 ms.
Mono: successfully reloaded assembly
- Completed reload, in  0.624 seconds
Platform modules already initialized, skipping
Refreshing native plugins compatible for Editor in 0.18 ms, found 0 plugins.
Preloading 0 native plugins for Editor in 0.00 ms.
Unloading 1112 Unused Serialized files (Serialized files now loaded: 0)
System memory in use before: 60.7 MB.
System memory in use after: 60.8 MB.

Unloading 5 unused Assets to reduce memory usage. Loaded Objects now: 1639.
Total: 1.252300 ms (FindLiveObjects: 0.109000 ms CreateObjectMapping: 0.030000 ms MarkObjects: 1.076900 ms  DeleteObjects: 0.035600 ms)

========================================================================
Received Prepare
Registering precompiled user dll's ...
Registered in 0.000769 seconds.
Begin MonoManager ReloadAssembly
Native extension for WindowsStandalone target not found
Refreshing native plugins compatible for Editor in 0.18 ms, found 0 plugins.
Preloading 0 native plugins for Editor in 0.00 ms.
Mono: successfully reloaded assembly
- Completed reload, in  0.649 seconds
Platform modules already initialized, skipping
Refreshing native plugins compatible for Editor in 0.18 ms, found 0 plugins.
Preloading 0 native plugins for Editor in 0.00 ms.
Unloading 1112 Unused Serialized files (Serialized files now loaded: 0)
System memory in use before: 60.7 MB.
System memory in use after: 60.8 MB.

Unloading 5 unused Assets to reduce memory usage. Loaded Objects now: 1642.
Total: 1.235300 ms (FindLiveObjects: 0.105200 ms CreateObjectMapping: 0.029700 ms MarkObjects: 1.065800 ms  DeleteObjects: 0.034000 ms)

========================================================================
Received Import Request.
  Time since last request: 26.206441 seconds.
  path: Assets/Scripts/BallDelete.cs
  artifactKey: Guid(ec2d716b73d244148a7022e1d4a28607) Importer(815301076,1909f56bfc062723c751e8b465ee728b)
Start importing Assets/Scripts/BallDelete.cs using Guid(ec2d716b73d244148a7022e1d4a28607) Importer(815301076,1909f56bfc062723c751e8b465ee728b)  -> (artifact id: '9f422b5b2851e3003c5ac9e62c0776ec') in 0.003564 seconds
  Import took 0.005077 seconds .

========================================================================
Received Import Request.
  Time since last request: 113.178423 seconds.
  path: Assets/Material/BallColor.mat
  artifactKey: Guid(ec80314570d92b8449ca84aa834071ac) Importer(815301076,1909f56bfc062723c751e8b465ee728b)
Start importing Assets/Material/BallColor.mat using Guid(ec80314570d92b8449ca84aa834071ac) Importer(815301076,1909f56bfc062723c751e8b465ee728b)  -> (artifact id: '4f28a468ea78f52c940069c1be49c1ee') in 0.047344 seconds
  Import took 0.050952 seconds .

========================================================================
Received Import Request.
  Time since last request: 70.365747 seconds.
  path: Assets/Prefabs/Ball.prefab
  artifactKey: Guid(fea2379ea3ab05d47b566d1aa95bc73d) Importer(815301076,1909f56bfc062723c751e8b465ee728b)
Start importing Assets/Prefabs/Ball.prefab using Guid(fea2379ea3ab05d47b566d1aa95bc73d) Importer(815301076,1909f56bfc062723c751e8b465ee728b)  -> (artifact id: 'cf9562ec3a62c05e793ebe04abfe7121') in 0.015236 seconds
  Import took 0.018034 seconds .

========================================================================
Received Prepare
Registering precompiled user dll's ...
Registered in 0.000537 seconds.
Begin MonoManager ReloadAssembly
Native extension for WindowsStandalone target not found
Refreshing native plugins compatible for Editor in 0.19 ms, found 0 plugins.
Preloading 0 native plugins for Editor in 0.00 ms.
Mono: successfully reloaded assembly
- Completed reload, in  0.639 seconds
Platform modules already initialized, skipping
Refreshing native plugins compatible for Editor in 0.17 ms, found 0 plugins.
Preloading 0 native plugins for Editor in 0.00 ms.
Unloading 1112 Unused Serialized files (Serialized files now loaded: 0)
System memory in use before: 60.7 MB.
System memory in use after: 60.8 MB.

Unloading 5 unused Assets to reduce memory usage. Loaded Objects now: 1646.
Total: 1.663200 ms (FindLiveObjects: 0.147600 ms CreateObjectMapping: 0.038600 ms MarkObjects: 1.426000 ms  DeleteObjects: 0.049800 ms)

========================================================================
Received Prepare
Registering precompiled user dll's ...
Registered in 0.000536 seconds.
Begin MonoManager ReloadAssembly
Native extension for WindowsStandalone target not found
Refreshing native plugins compatible for Editor in 0.18 ms, found 0 plugins.
Preloading 0 native plugins for Editor in 0.00 ms.
Mono: successfully reloaded assembly
- Completed reload, in  0.677 seconds
Platform modules already initialized, skipping
Refreshing native plugins compatible for Editor in 0.18 ms, found 0 plugins.
Preloading 0 native plugins for Editor in 0.00 ms.
Unloading 1112 Unused Serialized files (Serialized files now loaded: 0)
System memory in use before: 60.7 MB.
System memory in use after: 60.8 MB.

Unloading 5 unused Assets to reduce memory usage. Loaded Objects now: 1649.
Total: 1.253200 ms (FindLiveObjects: 0.106600 ms CreateObjectMapping: 0.030300 ms MarkObjects: 1.079400 ms  DeleteObjects: 0.036400 ms)

========================================================================
Received Import Request.
  Time since last request: 901.865871 seconds.
  path: Assets/Prefabs/Target1.prefab
  artifactKey: Guid(3ffeec227d19de249ab1b8d8a087f2e8) Importer(815301076,1909f56bfc062723c751e8b465ee728b)
Start importing Assets/Prefabs/Target1.prefab using Guid(3ffeec227d19de249ab1b8d8a087f2e8) Importer(815301076,1909f56bfc062723c751e8b465ee728b)  -> (artifact id: '8e3378e6dcc36d7f19299b790bd766a5') in 0.048450 seconds
  Import took 0.051723 seconds .

========================================================================
Received Import Request.
  Time since last request: 0.001826 seconds.
  path: Assets/Prefabs/Target1.prefab
  artifactKey: Guid(3ffeec227d19de249ab1b8d8a087f2e8) Importer(815301076,1909f56bfc062723c751e8b465ee728b)
Start importing Assets/Prefabs/Target1.prefab using Guid(3ffeec227d19de249ab1b8d8a087f2e8) Importer(815301076,1909f56bfc062723c751e8b465ee728b)  -> (artifact id: '8e3378e6dcc36d7f19299b790bd766a5') in 0.007175 seconds
  Import took 0.009069 seconds .

========================================================================
Received Import Request.
  Time since last request: 2.499691 seconds.
  path: Assets/Prefabs/Target2.prefab
  artifactKey: Guid(0a071b87ac93fd54390a0ca495ed62c6) Importer(815301076,1909f56bfc062723c751e8b465ee728b)
Start importing Assets/Prefabs/Target2.prefab using Guid(0a071b87ac93fd54390a0ca495ed62c6) Importer(815301076,1909f56bfc062723c751e8b465ee728b)  -> (artifact id: 'a327f5831deb8ec780d23077ccf14a9a') in 0.007025 seconds
  Import took 0.009039 seconds .

========================================================================
Received Import Request.
  Time since last request: 0.001919 seconds.
  path: Assets/Prefabs/Target2.prefab
  artifactKey: Guid(0a071b87ac93fd54390a0ca495ed62c6) Importer(815301076,1909f56bfc062723c751e8b465ee728b)
Start importing Assets/Prefabs/Target2.prefab using Guid(0a071b87ac93fd54390a0ca495ed62c6) Importer(815301076,1909f56bfc062723c751e8b465ee728b)  -> (artifact id: 'a327f5831deb8ec780d23077ccf14a9a') in 0.007085 seconds
  Import took 0.009295 seconds .

========================================================================
Received Import Request.
  Time since last request: 1.948763 seconds.
  path: Assets/Prefabs/Target3.prefab
  artifactKey: Guid(f0aac04cce7386141a1d527c71fa1e50) Importer(815301076,1909f56bfc062723c751e8b465ee728b)
Start importing Assets/Prefabs/Target3.prefab using Guid(f0aac04cce7386141a1d527c71fa1e50) Importer(815301076,1909f56bfc062723c751e8b465ee728b)  -> (artifact id: '00fd528eb8c3af5f258a112c23e5b80e') in 0.007662 seconds
  Import took 0.009861 seconds .

========================================================================
Received Import Request.
  Time since last request: 0.002097 seconds.
  path: Assets/Prefabs/Target3.prefab
  artifactKey: Guid(f0aac04cce7386141a1d527c71fa1e50) Importer(815301076,1909f56bfc062723c751e8b465ee728b)
Start importing Assets/Prefabs/Target3.prefab using Guid(f0aac04cce7386141a1d527c71fa1e50) Importer(815301076,1909f56bfc062723c751e8b465ee728b)  -> (artifact id: '00fd528eb8c3af5f258a112c23e5b80e') in 0.006543 seconds
  Import took 0.008600 seconds .

========================================================================
Received Import Request.
  Time since last request: 1839.161318 seconds.
  path: Assets/Prefabs/Target1.prefab
  artifactKey: Guid(3ffeec227d19de249ab1b8d8a087f2e8) Importer(815301076,1909f56bfc062723c751e8b465ee728b)
Start importing Assets/Prefabs/Target1.prefab using Guid(3ffeec227d19de249ab1b8d8a087f2e8) Importer(815301076,1909f56bfc062723c751e8b465ee728b)  -> (artifact id: '305daf746103f4660ae574a7be5e75d8') in 0.019397 seconds
  Import took 0.021671 seconds .

========================================================================
Received Import Request.
  Time since last request: 18.519831 seconds.
  path: Assets/Prefabs/Target1.prefab
  artifactKey: Guid(3ffeec227d19de249ab1b8d8a087f2e8) Importer(815301076,1909f56bfc062723c751e8b465ee728b)
Start importing Assets/Prefabs/Target1.prefab using Guid(3ffeec227d19de249ab1b8d8a087f2e8) Importer(815301076,1909f56bfc062723c751e8b465ee728b)  -> (artifact id: '23c716231a1e045f6938a44507b502ea') in 0.006485 seconds
  Import took 0.009136 seconds .

========================================================================
Received Import Request.
  Time since last request: 10.888601 seconds.
  path: Assets/Prefabs/Target1.prefab
  artifactKey: Guid(3ffeec227d19de249ab1b8d8a087f2e8) Importer(815301076,1909f56bfc062723c751e8b465ee728b)
Start importing Assets/Prefabs/Target1.prefab using Guid(3ffeec227d19de249ab1b8d8a087f2e8) Importer(815301076,1909f56bfc062723c751e8b465ee728b)  -> (artifact id: '4e20c670f354218b82f5dd347005c91f') in 0.007856 seconds
  Import took 0.010352 seconds .

========================================================================
Received Import Request.
  Time since last request: 3.823520 seconds.
  path: Assets/Prefabs/Target1.prefab
  artifactKey: Guid(3ffeec227d19de249ab1b8d8a087f2e8) Importer(815301076,1909f56bfc062723c751e8b465ee728b)
Start importing Assets/Prefabs/Target1.prefab using Guid(3ffeec227d19de249ab1b8d8a087f2e8) Importer(815301076,1909f56bfc062723c751e8b465ee728b)  -> (artifact id: '39349db80a4f7cf4e9f3b642285098c3') in 0.009261 seconds
  Import took 0.011442 seconds .

========================================================================
Received Import Request.
  Time since last request: 5.622451 seconds.
  path: Assets/Prefabs/Target1.prefab
  artifactKey: Guid(3ffeec227d19de249ab1b8d8a087f2e8) Importer(815301076,1909f56bfc062723c751e8b465ee728b)
Start importing Assets/Prefabs/Target1.prefab using Guid(3ffeec227d19de249ab1b8d8a087f2e8) Importer(815301076,1909f56bfc062723c751e8b465ee728b)  -> (artifact id: 'ed8eea66d47e9eb468519a936bacd6b9') in 0.007959 seconds
  Import took 0.010245 seconds .

========================================================================
Received Import Request.
  Time since last request: 2.006030 seconds.
  path: Assets/Prefabs/Target1.prefab
  artifactKey: Guid(3ffeec227d19de249ab1b8d8a087f2e8) Importer(815301076,1909f56bfc062723c751e8b465ee728b)
Start importing Assets/Prefabs/Target1.prefab using Guid(3ffeec227d19de249ab1b8d8a087f2e8) Importer(815301076,1909f56bfc062723c751e8b465ee728b)  -> (artifact id: '4b6559b1ab940c4571c0ce93678fc5b8') in 0.006739 seconds
  Import took 0.008659 seconds .

========================================================================
Received Import Request.
  Time since last request: 27.902394 seconds.
  path: Assets/Material/Blue.mat
  artifactKey: Guid(5faf34408c811694caed177860a425a2) Importer(815301076,1909f56bfc062723c751e8b465ee728b)
Start importing Assets/Material/Blue.mat using Guid(5faf34408c811694caed177860a425a2) Importer(815301076,1909f56bfc062723c751e8b465ee728b)  -> (artifact id: '3379ea4c41d1ac2198e2b03aa9149342') in 0.018489 seconds
  Import took 0.021561 seconds .

========================================================================
Received Import Request.
  Time since last request: 25.437723 seconds.
  path: Assets/Material/BallColor.mat
  artifactKey: Guid(ec80314570d92b8449ca84aa834071ac) Importer(815301076,1909f56bfc062723c751e8b465ee728b)
Start importing Assets/Material/BallColor.mat using Guid(ec80314570d92b8449ca84aa834071ac) Importer(815301076,1909f56bfc062723c751e8b465ee728b)  -> (artifact id: 'eb23eba7502303481c5722d673e651a4') in 0.007440 seconds
  Import took 0.009396 seconds .

========================================================================
Received Import Request.
  Time since last request: 0.000206 seconds.
  path: Assets/Material/Blue.mat
  artifactKey: Guid(5faf34408c811694caed177860a425a2) Importer(815301076,1909f56bfc062723c751e8b465ee728b)
Start importing Assets/Material/Blue.mat using Guid(5faf34408c811694caed177860a425a2) Importer(815301076,1909f56bfc062723c751e8b465ee728b)  -> (artifact id: '76827bdc989613d15ecedc7b011d8f84') in 0.006290 seconds
  Import took 0.007990 seconds .

========================================================================
Received Prepare
Registering precompiled user dll's ...
Registered in 0.000565 seconds.
Begin MonoManager ReloadAssembly
Native extension for WindowsStandalone target not found
Refreshing native plugins compatible for Editor in 0.18 ms, found 0 plugins.
Preloading 0 native plugins for Editor in 0.00 ms.
Mono: successfully reloaded assembly
- Completed reload, in  0.647 seconds
Platform modules already initialized, skipping
Refreshing native plugins compatible for Editor in 0.19 ms, found 0 plugins.
Preloading 0 native plugins for Editor in 0.00 ms.
Unloading 1113 Unused Serialized files (Serialized files now loaded: 0)
System memory in use before: 60.8 MB.
System memory in use after: 60.9 MB.

Unloading 6 unused Assets to reduce memory usage. Loaded Objects now: 1655.
Total: 1.265400 ms (FindLiveObjects: 0.111700 ms CreateObjectMapping: 0.030200 ms MarkObjects: 1.082600 ms  DeleteObjects: 0.040200 ms)

========================================================================
Received Prepare
Registering precompiled user dll's ...
Registered in 0.000570 seconds.
Begin MonoManager ReloadAssembly
Native extension for WindowsStandalone target not found
Refreshing native plugins compatible for Editor in 0.19 ms, found 0 plugins.
Preloading 0 native plugins for Editor in 0.00 ms.
Mono: successfully reloaded assembly
- Completed reload, in  0.682 seconds
Platform modules already initialized, skipping
Refreshing native plugins compatible for Editor in 0.18 ms, found 0 plugins.
Preloading 0 native plugins for Editor in 0.00 ms.
Unloading 1113 Unused Serialized files (Serialized files now loaded: 0)
System memory in use before: 60.8 MB.
System memory in use after: 60.9 MB.

Unloading 5 unused Assets to reduce memory usage. Loaded Objects now: 1658.
Total: 1.503700 ms (FindLiveObjects: 0.127700 ms CreateObjectMapping: 0.033100 ms MarkObjects: 1.293500 ms  DeleteObjects: 0.048500 ms)

========================================================================
Received Import Request.
  Time since last request: 226.108201 seconds.
  path: Assets/Scripts/TargetMove.cs
  artifactKey: Guid(75a1af673711f4948af9f45247f50eb4) Importer(815301076,1909f56bfc062723c751e8b465ee728b)
Start importing Assets/Scripts/TargetMove.cs using Guid(75a1af673711f4948af9f45247f50eb4) Importer(815301076,1909f56bfc062723c751e8b465ee728b)  -> (artifact id: 'acc910d453297fbcee74e713603663a8') in 0.004471 seconds
  Import took 0.006313 seconds .

========================================================================
Received Prepare
Registering precompiled user dll's ...
Registered in 0.000535 seconds.
Begin MonoManager ReloadAssembly
Native extension for WindowsStandalone target not found
Refreshing native plugins compatible for Editor in 0.18 ms, found 0 plugins.
Preloading 0 native plugins for Editor in 0.00 ms.
Mono: successfully reloaded assembly
- Completed reload, in  0.653 seconds
Platform modules already initialized, skipping
Refreshing native plugins compatible for Editor in 0.18 ms, found 0 plugins.
Preloading 0 native plugins for Editor in 0.00 ms.
Unloading 1113 Unused Serialized files (Serialized files now loaded: 0)
System memory in use before: 60.8 MB.
System memory in use after: 60.9 MB.

Unloading 5 unused Assets to reduce memory usage. Loaded Objects now: 1661.
Total: 1.329700 ms (FindLiveObjects: 0.105500 ms CreateObjectMapping: 0.026800 ms MarkObjects: 1.095800 ms  DeleteObjects: 0.086700 ms)

========================================================================
Received Import Request.
  Time since last request: 229.709842 seconds.
  path: Assets/Prefabs/Target1.prefab
  artifactKey: Guid(3ffeec227d19de249ab1b8d8a087f2e8) Importer(815301076,1909f56bfc062723c751e8b465ee728b)
Start importing Assets/Prefabs/Target1.prefab using Guid(3ffeec227d19de249ab1b8d8a087f2e8) Importer(815301076,1909f56bfc062723c751e8b465ee728b)  -> (artifact id: '2818a74f0cd5583062c2ce3ff1050f22') in 0.045233 seconds
  Import took 0.047120 seconds .

========================================================================
Received Prepare
Registering precompiled user dll's ...
Registered in 0.000526 seconds.
Begin MonoManager ReloadAssembly
Native extension for WindowsStandalone target not found
Refreshing native plugins compatible for Editor in 0.19 ms, found 0 plugins.
Preloading 0 native plugins for Editor in 0.00 ms.
Mono: successfully reloaded assembly
- Completed reload, in  0.682 seconds
Platform modules already initialized, skipping
Refreshing native plugins compatible for Editor in 0.19 ms, found 0 plugins.
Preloading 0 native plugins for Editor in 0.00 ms.
Unloading 1113 Unused Serialized files (Serialized files now loaded: 0)
System memory in use before: 60.8 MB.
System memory in use after: 60.9 MB.

Unloading 5 unused Assets to reduce memory usage. Loaded Objects now: 1665.
Total: 1.262100 ms (FindLiveObjects: 0.108500 ms CreateObjectMapping: 0.029500 ms MarkObjects: 1.087100 ms  DeleteObjects: 0.036300 ms)

========================================================================
Received Prepare
Registering precompiled user dll's ...
Registered in 0.000566 seconds.
Begin MonoManager ReloadAssembly
Native extension for WindowsStandalone target not found
Refreshing native plugins compatible for Editor in 0.21 ms, found 0 plugins.
Preloading 0 native plugins for Editor in 0.00 ms.
Mono: successfully reloaded assembly
- Completed reload, in  0.667 seconds
Platform modules already initialized, skipping
Refreshing native plugins compatible for Editor in 0.19 ms, found 0 plugins.
Preloading 0 native plugins for Editor in 0.00 ms.
Unloading 1114 Unused Serialized files (Serialized files now loaded: 0)
System memory in use before: 60.8 MB.
System memory in use after: 60.9 MB.

Unloading 5 unused Assets to reduce memory usage. Loaded Objects now: 1669.
Total: 1.413400 ms (FindLiveObjects: 0.123200 ms CreateObjectMapping: 0.032300 ms MarkObjects: 1.212300 ms  DeleteObjects: 0.044900 ms)

========================================================================
Received Prepare
Registering precompiled user dll's ...
Registered in 0.000548 seconds.
Begin MonoManager ReloadAssembly
Native extension for WindowsStandalone target not found
Refreshing native plugins compatible for Editor in 0.19 ms, found 0 plugins.
Preloading 0 native plugins for Editor in 0.00 ms.
Mono: successfully reloaded assembly
- Completed reload, in  0.655 seconds
Platform modules already initialized, skipping
Refreshing native plugins compatible for Editor in 0.19 ms, found 0 plugins.
Preloading 0 native plugins for Editor in 0.00 ms.
Unloading 1114 Unused Serialized files (Serialized files now loaded: 0)
System memory in use before: 60.8 MB.
System memory in use after: 60.9 MB.

Unloading 5 unused Assets to reduce memory usage. Loaded Objects now: 1672.
Total: 1.354500 ms (FindLiveObjects: 0.114500 ms CreateObjectMapping: 0.027000 ms MarkObjects: 1.163800 ms  DeleteObjects: 0.048600 ms)

========================================================================
Received Prepare
Registering precompiled user dll's ...
Registered in 0.000543 seconds.
Begin MonoManager ReloadAssembly
Native extension for WindowsStandalone target not found
Refreshing native plugins compatible for Editor in 0.21 ms, found 0 plugins.
Preloading 0 native plugins for Editor in 0.00 ms.
Mono: successfully reloaded assembly
- Completed reload, in  0.667 seconds
Platform modules already initialized, skipping
Refreshing native plugins compatible for Editor in 0.17 ms, found 0 plugins.
Preloading 0 native plugins for Editor in 0.00 ms.
Unloading 1114 Unused Serialized files (Serialized files now loaded: 0)
System memory in use before: 60.8 MB.
System memory in use after: 60.9 MB.

Unloading 5 unused Assets to reduce memory usage. Loaded Objects now: 1675.
Total: 1.421900 ms (FindLiveObjects: 0.120000 ms CreateObjectMapping: 0.029400 ms MarkObjects: 1.233400 ms  DeleteObjects: 0.038500 ms)

========================================================================
Received Import Request.
  Time since last request: 258.968112 seconds.
  path: Assets/Scripts/GameManager.cs
  artifactKey: Guid(0f6c46872123a384da0a374d1e4ecd3a) Importer(815301076,1909f56bfc062723c751e8b465ee728b)
Start importing Assets/Scripts/GameManager.cs using Guid(0f6c46872123a384da0a374d1e4ecd3a) Importer(815301076,1909f56bfc062723c751e8b465ee728b)  -> (artifact id: 'defc2c9a671861e7ccba3f9c7e82fa71') in 0.005058 seconds
  Import took 0.007552 seconds .

========================================================================
Received Import Request.
  Time since last request: 1130.521305 seconds.
  path: Assets/Scripts/GameManager.cs
  artifactKey: Guid(0f6c46872123a384da0a374d1e4ecd3a) Importer(815301076,1909f56bfc062723c751e8b465ee728b)
Start importing Assets/Scripts/GameManager.cs using Guid(0f6c46872123a384da0a374d1e4ecd3a) Importer(815301076,1909f56bfc062723c751e8b465ee728b)  -> (artifact id: '20eb13c8764231dedb733e557752c4c7') in 0.002316 seconds
  Import took 0.004305 seconds .

========================================================================
Received Import Request.
  Time since last request: 0.001681 seconds.
  path: Assets/Scripts/GameManager.cs
  artifactKey: Guid(0f6c46872123a384da0a374d1e4ecd3a) Importer(815301076,1909f56bfc062723c751e8b465ee728b)
Start importing Assets/Scripts/GameManager.cs using Guid(0f6c46872123a384da0a374d1e4ecd3a) Importer(815301076,1909f56bfc062723c751e8b465ee728b)  -> (artifact id: '20eb13c8764231dedb733e557752c4c7') in 0.002157 seconds
  Import took 0.003664 seconds .

========================================================================
Received Prepare
Registering precompiled user dll's ...
Registered in 0.000630 seconds.
Begin MonoManager ReloadAssembly
Native extension for WindowsStandalone target not found
Refreshing native plugins compatible for Editor in 0.19 ms, found 0 plugins.
Preloading 0 native plugins for Editor in 0.00 ms.
Mono: successfully reloaded assembly
- Completed reload, in  0.648 seconds
Platform modules already initialized, skipping
Refreshing native plugins compatible for Editor in 0.18 ms, found 0 plugins.
Preloading 0 native plugins for Editor in 0.00 ms.
Unloading 1114 Unused Serialized files (Serialized files now loaded: 0)
System memory in use before: 60.8 MB.
System memory in use after: 60.9 MB.

Unloading 5 unused Assets to reduce memory usage. Loaded Objects now: 1678.
Total: 1.297100 ms (FindLiveObjects: 0.108000 ms CreateObjectMapping: 0.029400 ms MarkObjects: 1.122700 ms  DeleteObjects: 0.036500 ms)

========================================================================
Received Prepare
Registering precompiled user dll's ...
Registered in 0.000608 seconds.
Begin MonoManager ReloadAssembly
Native extension for WindowsStandalone target not found
Refreshing native plugins compatible for Editor in 0.19 ms, found 0 plugins.
Preloading 0 native plugins for Editor in 0.00 ms.
Mono: successfully reloaded assembly
- Completed reload, in  0.644 seconds
Platform modules already initialized, skipping
Refreshing native plugins compatible for Editor in 0.18 ms, found 0 plugins.
Preloading 0 native plugins for Editor in 0.00 ms.
Unloading 1114 Unused Serialized files (Serialized files now loaded: 0)
System memory in use before: 60.8 MB.
System memory in use after: 60.9 MB.

Unloading 5 unused Assets to reduce memory usage. Loaded Objects now: 1681.
Total: 1.266200 ms (FindLiveObjects: 0.113400 ms CreateObjectMapping: 0.030600 ms MarkObjects: 1.084500 ms  DeleteObjects: 0.036900 ms)

AssetImportWorkerClient::OnTransportError - code=2 error=End of file
