Using pre-set license
Built from '2020.3/staging' branch; Version is '2020.3.9f1 (108be757e447) revision 1084391'; Using compiler version '192528614'; Build Type 'Release'
OS: 'Windows 10 Pro; OS build 19041.1083; Version 2004; 64bit' Language: 'ja' Physical Memory: 16145 MB
BatchMode: 1, IsHumanControllingUs: 0, StartBugReporterOnCrash: 0, Is64bit: 1, IsPro: 0

 COMMAND LINE ARGUMENTS:
C:\Program Files\Unity\Hub\Editor\2020.3.9f1\Editor\Unity.exe
-adb2
-batchMode
-noUpm
-name
AssetImportWorker0
-projectPath
C:/Users/damda/Documents/GitHub/testrepo/ClickSniper
-logFile
Logs/AssetImportWorker0.log
-srvPort
55929
Successfully changed project path to: C:/Users/damda/Documents/GitHub/testrepo/ClickSniper
C:/Users/damda/Documents/GitHub/testrepo/ClickSniper
Using Asset Import Pipeline V2.
Refreshing native plugins compatible for Editor in 18.62 ms, found 0 plugins.
Preloading 0 native plugins for Editor in 0.00 ms.
Initialize engine version: 2020.3.9f1 (108be757e447)
[Subsystems] Discovering subsystems at path C:/Program Files/Unity/Hub/Editor/2020.3.9f1/Editor/Data/Resources/UnitySubsystems
[Subsystems] Discovering subsystems at path C:/Users/damda/Documents/GitHub/testrepo/ClickSniper/Assets
GfxDevice: creating device client; threaded=0
Direct3D:
    Version:  Direct3D 11.0 [level 11.1]
    Renderer: NVIDIA GeForce GTX 1650 Ti (ID=0x1f95)
    Vendor:   
    VRAM:     3962 MB
    Driver:   30.0.14.7111
Initialize mono
Mono path[0] = 'C:/Program Files/Unity/Hub/Editor/2020.3.9f1/Editor/Data/Managed'
Mono path[1] = 'C:/Program Files/Unity/Hub/Editor/2020.3.9f1/Editor/Data/MonoBleedingEdge/lib/mono/unityjit'
Mono config path = 'C:/Program Files/Unity/Hub/Editor/2020.3.9f1/Editor/Data/MonoBleedingEdge/etc'
Using monoOptions --debugger-agent=transport=dt_socket,embedding=1,server=y,suspend=n,address=127.0.0.1:56292
Begin MonoManager ReloadAssembly
Registering precompiled unity dll's ...
Register platform support module: C:/Program Files/Unity/Hub/Editor/2020.3.9f1/Editor/Data/PlaybackEngines/WindowsStandaloneSupport/UnityEditor.WindowsStandalone.Extensions.dll
Registered in 0.001849 seconds.
Native extension for WindowsStandalone target not found
Refreshing native plugins compatible for Editor in 19.08 ms, found 0 plugins.
Preloading 0 native plugins for Editor in 0.00 ms.
Mono: successfully reloaded assembly
- Completed reload, in  1.618 seconds
Platform modules already initialized, skipping
Registering precompiled user dll's ...
Registered in 0.000724 seconds.
Begin MonoManager ReloadAssembly
Native extension for WindowsStandalone target not found
Refreshing native plugins compatible for Editor in 0.17 ms, found 0 plugins.
Preloading 0 native plugins for Editor in 0.00 ms.
Mono: successfully reloaded assembly
- Completed reload, in  0.650 seconds
Platform modules already initialized, skipping
========================================================================
Worker process is ready to serve import requests
Launched and connected shader compiler UnityShaderCompiler.exe after 0.04 seconds
Refreshing native plugins compatible for Editor in 0.17 ms, found 0 plugins.
Preloading 0 native plugins for Editor in 0.00 ms.
Unloading 1119 Unused Serialized files (Serialized files now loaded: 0)
System memory in use before: 57.3 MB.
System memory in use after: 57.4 MB.

Unloading 10 unused Assets to reduce memory usage. Loaded Objects now: 1562.
Total: 1.435100 ms (FindLiveObjects: 0.093600 ms CreateObjectMapping: 0.025600 ms MarkObjects: 1.262000 ms  DeleteObjects: 0.053200 ms)

========================================================================
Received Import Request.
  path: Assets/Material/Toumei.mat
  artifactKey: Guid(b4d3d42d3ba87234396304b2772dc342) Importer(815301076,1909f56bfc062723c751e8b465ee728b)
Start importing Assets/Material/Toumei.mat using Guid(b4d3d42d3ba87234396304b2772dc342) Importer(815301076,1909f56bfc062723c751e8b465ee728b)  -> (artifact id: '2cb3d8eddbf0b8bf1dba8dd054bf7a0b') in 0.084832 seconds
  Import took 0.086233 seconds .

========================================================================
Received Import Request.
  Time since last request: 92.226606 seconds.
  path: ProjectSettings/TagManager.asset
  artifactKey: Guid(00000000000000003000000000000000) Importer(815301076,1909f56bfc062723c751e8b465ee728b)
Start importing ProjectSettings/TagManager.asset using Guid(00000000000000003000000000000000) Importer(815301076,1909f56bfc062723c751e8b465ee728b)  -> (artifact id: 'ce6a35c3cddc746e7501c0bd0ed6d4ce') in 0.011577 seconds
  Import took 0.015062 seconds .

========================================================================
Received Import Request.
  Time since last request: 33.027165 seconds.
  path: Assets/Prefabs/Target1.prefab
  artifactKey: Guid(3ffeec227d19de249ab1b8d8a087f2e8) Importer(815301076,1909f56bfc062723c751e8b465ee728b)
Start importing Assets/Prefabs/Target1.prefab using Guid(3ffeec227d19de249ab1b8d8a087f2e8) Importer(815301076,1909f56bfc062723c751e8b465ee728b)  -> (artifact id: 'cea75a6396952a6eb4ebf221dcded1a2') in 0.036711 seconds
  Import took 0.038839 seconds .

========================================================================
Received Import Request.
  Time since last request: 17.075078 seconds.
  path: Assets/Prefabs/Target1.prefab
  artifactKey: Guid(3ffeec227d19de249ab1b8d8a087f2e8) Importer(815301076,1909f56bfc062723c751e8b465ee728b)
Start importing Assets/Prefabs/Target1.prefab using Guid(3ffeec227d19de249ab1b8d8a087f2e8) Importer(815301076,1909f56bfc062723c751e8b465ee728b)  -> (artifact id: 'a63f3829ff51ec2f22a73cfbc4267aba') in 0.010788 seconds
  Import took 0.013949 seconds .

========================================================================
Received Import Request.
  Time since last request: 5.773242 seconds.
  path: Assets/Prefabs/Target1.prefab
  artifactKey: Guid(3ffeec227d19de249ab1b8d8a087f2e8) Importer(815301076,1909f56bfc062723c751e8b465ee728b)
Start importing Assets/Prefabs/Target1.prefab using Guid(3ffeec227d19de249ab1b8d8a087f2e8) Importer(815301076,1909f56bfc062723c751e8b465ee728b)  -> (artifact id: '184a0ef549316962204a766480f773ee') in 0.018064 seconds
  Import took 0.021338 seconds .

========================================================================
Received Import Request.
  Time since last request: 4.064959 seconds.
  path: Assets/Prefabs/Target1.prefab
  artifactKey: Guid(3ffeec227d19de249ab1b8d8a087f2e8) Importer(815301076,1909f56bfc062723c751e8b465ee728b)
Start importing Assets/Prefabs/Target1.prefab using Guid(3ffeec227d19de249ab1b8d8a087f2e8) Importer(815301076,1909f56bfc062723c751e8b465ee728b)  -> (artifact id: '252a31b7ceb34f63d11703e0ea4e511d') in 0.009180 seconds
  Import took 0.011145 seconds .

========================================================================
Received Import Request.
  Time since last request: 3.149820 seconds.
  path: Assets/Prefabs/Target1.prefab
  artifactKey: Guid(3ffeec227d19de249ab1b8d8a087f2e8) Importer(815301076,1909f56bfc062723c751e8b465ee728b)
Start importing Assets/Prefabs/Target1.prefab using Guid(3ffeec227d19de249ab1b8d8a087f2e8) Importer(815301076,1909f56bfc062723c751e8b465ee728b)  -> (artifact id: '3f23ea1e3158fa775096a919d8247167') in 0.014855 seconds
  Import took 0.018091 seconds .

========================================================================
Received Import Request.
  Time since last request: 49.791121 seconds.
  path: Assets/Prefabs/Ball.prefab
  artifactKey: Guid(fea2379ea3ab05d47b566d1aa95bc73d) Importer(815301076,1909f56bfc062723c751e8b465ee728b)
Start importing Assets/Prefabs/Ball.prefab using Guid(fea2379ea3ab05d47b566d1aa95bc73d) Importer(815301076,1909f56bfc062723c751e8b465ee728b)  -> (artifact id: '822b81b7a5653351f78a6057d2ae67e2') in 0.014609 seconds
  Import took 0.017462 seconds .

========================================================================
Received Prepare
Registering precompiled user dll's ...
Registered in 0.000644 seconds.
Begin MonoManager ReloadAssembly
Native extension for WindowsStandalone target not found
Refreshing native plugins compatible for Editor in 0.18 ms, found 0 plugins.
Preloading 0 native plugins for Editor in 0.00 ms.
Mono: successfully reloaded assembly
- Completed reload, in  0.624 seconds
Platform modules already initialized, skipping
Refreshing native plugins compatible for Editor in 0.20 ms, found 0 plugins.
Preloading 0 native plugins for Editor in 0.00 ms.
Unloading 1115 Unused Serialized files (Serialized files now loaded: 0)
System memory in use before: 60.7 MB.
System memory in use after: 60.7 MB.

Unloading 6 unused Assets to reduce memory usage. Loaded Objects now: 1608.
Total: 1.277500 ms (FindLiveObjects: 0.095800 ms CreateObjectMapping: 0.025700 ms MarkObjects: 1.092600 ms  DeleteObjects: 0.062700 ms)

========================================================================
Received Prepare
Registering precompiled user dll's ...
Registered in 0.000609 seconds.
Begin MonoManager ReloadAssembly
Native extension for WindowsStandalone target not found
Refreshing native plugins compatible for Editor in 0.18 ms, found 0 plugins.
Preloading 0 native plugins for Editor in 0.00 ms.
Mono: successfully reloaded assembly
- Completed reload, in  0.619 seconds
Platform modules already initialized, skipping
Refreshing native plugins compatible for Editor in 0.20 ms, found 0 plugins.
Preloading 0 native plugins for Editor in 0.00 ms.
Unloading 1115 Unused Serialized files (Serialized files now loaded: 0)
System memory in use before: 60.7 MB.
System memory in use after: 60.7 MB.

Unloading 5 unused Assets to reduce memory usage. Loaded Objects now: 1611.
Total: 1.257500 ms (FindLiveObjects: 0.096800 ms CreateObjectMapping: 0.026100 ms MarkObjects: 1.069700 ms  DeleteObjects: 0.064200 ms)

========================================================================
Received Import Request.
  Time since last request: 45.573555 seconds.
  path: Assets/Scripts/ScoreCount.cs
  artifactKey: Guid(4f0985f7f86a5614ca1ffc508c1cda81) Importer(815301076,1909f56bfc062723c751e8b465ee728b)
Start importing Assets/Scripts/ScoreCount.cs using Guid(4f0985f7f86a5614ca1ffc508c1cda81) Importer(815301076,1909f56bfc062723c751e8b465ee728b)  -> (artifact id: '322c49c160d801136ecfef87b9f7af60') in 0.016350 seconds
  Import took 0.018759 seconds .

========================================================================
Received Prepare
Registering precompiled user dll's ...
Registered in 0.000656 seconds.
Begin MonoManager ReloadAssembly
Native extension for WindowsStandalone target not found
Refreshing native plugins compatible for Editor in 0.17 ms, found 0 plugins.
Preloading 0 native plugins for Editor in 0.00 ms.
Mono: successfully reloaded assembly
- Completed reload, in  0.623 seconds
Platform modules already initialized, skipping
Refreshing native plugins compatible for Editor in 0.17 ms, found 0 plugins.
Preloading 0 native plugins for Editor in 0.00 ms.
Unloading 1115 Unused Serialized files (Serialized files now loaded: 0)
System memory in use before: 60.7 MB.
System memory in use after: 60.8 MB.

Unloading 5 unused Assets to reduce memory usage. Loaded Objects now: 1614.
Total: 1.233200 ms (FindLiveObjects: 0.103800 ms CreateObjectMapping: 0.027600 ms MarkObjects: 1.035700 ms  DeleteObjects: 0.065400 ms)

========================================================================
Received Prepare
Registering precompiled user dll's ...
Registered in 0.000747 seconds.
Begin MonoManager ReloadAssembly
Native extension for WindowsStandalone target not found
Refreshing native plugins compatible for Editor in 0.17 ms, found 0 plugins.
Preloading 0 native plugins for Editor in 0.00 ms.
Mono: successfully reloaded assembly
- Completed reload, in  0.596 seconds
Platform modules already initialized, skipping
Refreshing native plugins compatible for Editor in 0.17 ms, found 0 plugins.
Preloading 0 native plugins for Editor in 0.00 ms.
Unloading 1115 Unused Serialized files (Serialized files now loaded: 0)
System memory in use before: 60.7 MB.
System memory in use after: 60.8 MB.

Unloading 5 unused Assets to reduce memory usage. Loaded Objects now: 1617.
Total: 1.314200 ms (FindLiveObjects: 0.099300 ms CreateObjectMapping: 0.027900 ms MarkObjects: 1.101700 ms  DeleteObjects: 0.084900 ms)

